"../../../../../../Student/Documents/Unreal Projects/RunRun/Content/ThirdPersonBP/ThirdPersonOverview.uasset" 0
"../../../../../../Student/Documents/Unreal Projects/RunRun/Content/Mannequin/Character/Mesh/SK_Mannequin_PhysicsAsset.uasset" 1
"../../../../../../Student/Documents/Unreal Projects/RunRun/Content/Mannequin/Character/Mesh/SK_Mannequin_Skeleton.uasset" 2
"../../../../../../Student/Documents/Unreal Projects/RunRun/Content/Mannequin/Animations/ThirdPerson_Jump.uasset" 3
"../../../../../../Student/Documents/Unreal Projects/RunRun/Content/EndlessAssets/SFX/Background/Kai_Engel_-_06_-_Dark_Alleys.uasset" 4
"../../../../../../Student/Documents/Unreal Projects/RunRun/Content/EndlessAssets/SFX/Kai_Engel_-_06_-_Dark_Alleys.uasset" 5
"../../../../../../Student/Documents/Unreal Projects/RunRun/Content/EndlessAssets/SFX/Background/_of_the_Floating_World_-_01_-_Canada.uasset" 6
"../../../../../../Student/Documents/Unreal Projects/RunRun/Content/EndlessAssets/SFX/Background/ind_of_Yeah_-_10_-_Door_of_the_Alien.uasset" 7
"../../../../../../Student/Documents/Unreal Projects/RunRun/Content/EndlessAssets/SFX/Background/01-sednoseterces-hinterheim.uasset" 8
"../../../../../../Student/Documents/Unreal Projects/RunRun/Content/EndlessAssets/SFX/Background/Lately_Kind_of_Yeah_-_04_-_Exit_Only.uasset" 9
"../../../../../../Student/Documents/Unreal Projects/RunRun/Content/EndlessAssets/GUI/Pause/Background.uasset" 10
"../../../../../../Student/Documents/Unreal Projects/RunRun/Content/EndlessAssets/StaticMeshes/T_RockMesh_N.uasset" 11
"../../../Engine/Content/Maps/Templates/Thumbnails/Default.uasset" 12
"../../../Engine/Content/Maps/Templates/Thumbnails/TimeOfDay.uasset" 13
"../../../Engine/Content/Maps/Templates/Thumbnails/VR-Basic.uasset" 14
"../../../Engine/Content/MobileResources/T_MobileControls_texture.uasset" 15
"../../../Engine/Content/MobileResources/T_MobileMenu2.uasset" 16
"../../../Engine/Content/MobileResources/HUD/MobileHUDDirectionPad3.uasset" 17
"../../../Engine/Content/MobileResources/HUD/MobileHUDButton2_off.uasset" 18
"../../../Engine/Content/MobileResources/HUD/MobileHUDButton3.uasset" 19
"../../../Engine/Content/MobileResources/HUD/T_Castle_ThumbstickInner.uasset" 20
"../../../Engine/Content/MobileResources/HUD/MobileHUDDirectionStick.uasset" 21
"../../../Engine/Content/MobileResources/HUD/VirtualJoystick_Background.uasset" 22
"../../../Engine/Content/MobileResources/HUD/VirtualJoystick_Thumb.uasset" 23
"../../../Engine/Content/MobileResources/HUD/DefaultVirtualJoysticks.uasset" 24
"../../../Engine/Content/MobileResources/HUD/T_Castle_ThumbstickOutter.uasset" 25
"../../../Engine/Content/MobileResources/HUD/MobileHUDButton2_on.uasset" 26
"../../../Engine/Content/MobileResources/HUD/MobileHUDDirectionPad2.uasset" 27
"../../../Engine/Content/MobileResources/HUD/MobileHUDDirectionPad.uasset" 28
"../../../Engine/Content/MobileResources/HUD/AnalogHat.uasset" 29
"../../../Engine/Content/MobileResources/HUD/MobileHUDButton1_on.uasset" 30
"../../../Engine/Content/MobileResources/HUD/MobileHUDButtonFire.uasset" 31
"../../../Engine/Content/MobileResources/HUD/LeftVirtualJoystickOnly.uasset" 32
"../../../Engine/Content/MobileResources/HUD/MobileHUDButton1_off.uasset" 33
"../../../Engine/Content/Tutorial/ContentIntroCurve.uasset" 34
"../../../Engine/Content/Tutorial/Basics/TutorialAssets/icon_tab_Levels_40x.uasset" 35
"../../../Engine/Content/Tutorial/Basics/LevelEditorOverview.uasset" 36
"../../../Engine/Content/Tutorial/Basics/LevelEditorAttract.uasset" 37
"../../../Engine/Content/Tutorial/SubEditors/MaterialEditorTutorial.uasset" 38
"../../../Engine/Content/Tutorial/SubEditors/TutorialAssets/TutorialMaterial.uasset" 39
"../../../Engine/Content/Tutorial/BlueprintTutorials/TutorialAssets/Blueprint_64x.uasset" 40
"../../../Engine/Content/Tutorial/BlueprintTutorials/BlueprintEditorTutorial.uasset" 41
"../../../Engine/Content/EngineResources/DefaultTextureCube.uasset" 42
"../../../Engine/Content/EngineResources/DefaultTexture.uasset" 43
"../../../Engine/Content/EngineResources/Black.uasset" 44
"../../../Engine/Content/EngineResources/DefaultVolumeTexture2D.uasset" 45
"../../../Engine/Content/EngineResources/DefaultVolumeTexture.uasset" 46
"../../../Engine/Content/EngineResources/GradientTexture0.uasset" 47
"../../../Engine/Content/EditorLandscapeResources/DataLayer.uasset" 48
"../../../Engine/Content/EditorSounds/Notifications/CompileSuccess.uasset" 49
"../../../Engine/Content/EditorSounds/Notifications/CompileSuccess_Cue.uasset" 50
"../../../Engine/Content/EditorSounds/Notifications/CompileFailed.uasset" 51
"../../../Engine/Content/EditorSounds/Notifications/CompileFailed_Cue.uasset" 52
"../../../Engine/Content/EditorSounds/Notifications/CompileStart_Cue.uasset" 53
"../../../Engine/Content/EditorMaterials/Camera/CineMat.uasset" 54
"../../../Engine/Content/EditorMaterials/Camera/MI_CineMat_Rig.uasset" 55
"../../../Engine/Content/EditorMeshes/Camera/SM_CraneRig_Body.uasset" 56
"../../../Engine/Content/EditorMeshes/Camera/SM_RailRig_Mount.uasset" 57
"../../../Engine/Content/EditorMeshes/Camera/SM_CraneRig_Base.uasset" 58
"../../../Engine/Content/EditorMeshes/Camera/SM_CraneRig_Mount.uasset" 59
"../../../Engine/Content/EditorMeshes/Camera/SM_CraneRig_Arm.uasset" 60
"../../../Engine/Content/EditorMeshes/Camera/SM_RailRig_Track.uasset" 61
"../../../Engine/Content/EngineFonts/Faces/DroidSansFallback.uasset" 62
"../../../Engine/Content/EngineFonts/Faces/RobotoBold.uasset" 63
"../../../Engine/Content/EngineFonts/Faces/RobotoBoldItalic.uasset" 64
"../../../Engine/Content/EngineFonts/Faces/RobotoItalic.uasset" 65
"../../../Engine/Content/EngineFonts/Faces/RobotoLight.uasset" 66
"../../../Engine/Content/EngineFonts/Faces/RobotoRegular.uasset" 67
"../../../Engine/Content/EngineFonts/Roboto.uasset" 68
"../../../Engine/Content/EngineDamageTypes/DmgTypeBP_Environmental.uasset" 69
"../../../Engine/Content/Functions/Engine_MaterialFunctions01/Opacity/CameraDepthFade.uasset" 70
"../../../Engine/Content/EngineMaterials/T_Default_Material_Grid_M.uasset" 71
"../../../Engine/Content/EngineMaterials/T_Default_Material_Grid_N.uasset" 72
"../../../Engine/Content/EngineMaterials/WorldGridMaterial.uasset" 73
"../../../Engine/Content/ArtTools/RenderToTexture/Meshes/S_1_Unit_Plane.uasset" 74
"../../../Engine/Content/Animation/DefaultAnimCurveCompressionSettings.uasset" 75
"../../../Engine/Content/EngineResources/WhiteSquareTexture.uasset" 76
"../../../Engine/Content/EngineMaterials/Widget3DPassThrough.uasset" 77
"../../../Engine/Content/EngineMaterials/Widget3DPassThrough_Masked.uasset" 78
"../../../Engine/Content/EngineMaterials/WeightMapPlaceholderTexture.uasset" 79
"../../../Engine/Content/EngineMaterials/Widget3DPassThrough_Translucent.uasset" 80
"../../../Engine/Content/EngineMaterials/Widget3DPassThrough_Translucent_OneSided.uasset" 81
"../../../Engine/Content/Functions/Engine_MaterialFunctions02/WorldPositionOffset/CameraOffset.uasset" 82
"../../../Engine/Content/EngineMaterials/PhAT_JointLimitMaterial.uasset" 83
"../../../Engine/Content/EngineMaterials/GizmoMaterial.uasset" 84
"../../../Engine/Content/EngineMaterials/BlueNoise.uasset" 85
"../../../Engine/Content/EngineMaterials/DefaultWhiteGrid_Low.uasset" 86
"../../../Engine/Content/EngineMaterials/EmissiveMeshMaterial.uasset" 87
"../../../Engine/Content/EngineMaterials/Widget3DPassThrough_Opaque.uasset" 88
"../../../Engine/Content/EngineMaterials/Widget3DPassThrough_Masked_OneSided.uasset" 89
"../../../Engine/Content/EngineMaterials/Good64x64TilingNoiseHighFreq.uasset" 90
"../../../Engine/Content/EngineMaterials/DefaultBloomKernel.uasset" 91
"../../../Engine/Content/EngineMaterials/RemoveSurfaceMaterial.uasset" 92
"../../../Engine/Content/EngineMaterials/DefaultDiffuse.uasset" 93
"../../../Engine/Content/EngineMaterials/DefaultDeferredDecalMaterial.uasset" 94
"../../../Engine/Content/Functions/Engine_MaterialFunctions02/Utility/BreakOutFloat2Components.uasset" 95
"../../../Engine/Content/EngineMaterials/DefaultPostProcessMaterial.uasset" 96
"../../../Engine/Content/EngineMaterials/DefaultPhysicalMaterial.uasset" 97
"../../../Engine/Content/EngineMaterials/BaseFlattenDiffuseMap.uasset" 98
"../../../Engine/Content/EngineMaterials/BaseFlattenEmissiveMap.uasset" 99
"../../../Engine/Content/EngineMaterials/BaseFlattenGrayscaleMap.uasset" 100
"../../../Engine/Content/EngineMaterials/BaseFlattenNormalMap.uasset" 101
"../../../Engine/Content/EngineMaterials/BaseFlattenMaterial.uasset" 102
"../../../Engine/Content/EngineMaterials/InvalidLightmapSettings.uasset" 103
"../../../Engine/Content/EngineMaterials/M_InvalidLightmapSettings.uasset" 104
"../../../Engine/Content/EngineFonts/RobotoDistanceField.uasset" 105
"../../../Engine/Content/EngineMaterials/DefaultTextMaterialOpaque.uasset" 106
"../../../Engine/Content/EngineMaterials/PreintegratedSkinBRDF.uasset" 107
"../../../Engine/Content/EngineMaterials/Widget3DPassThrough_Opaque_OneSided.uasset" 108
"../../../Engine/Content/EngineMaterials/DefaultBokeh.uasset" 109
"../../../Engine/Content/EngineMaterials/DefaultLightFunctionMaterial.uasset" 110
"../../../Engine/Content/EngineMaterials/MiniFont.uasset" 111
"../../../Engine/Content/EngineMaterials/DefaultWhiteGrid.uasset" 112
"../../../Engine/Content/EngineDebugMaterials/DebugEditorMaterial.uasset" 113
"../../../Engine/Content/EngineDebugMaterials/WireframeMaterial.uasset" 114
"../../../Engine/Content/Functions/Engine_MaterialFunctions02/Utility/CameraDirectionVector.uasset" 115
"../../../Engine/Content/EngineDebugMaterials/VolumeToRender.uasset" 116
"../../../Engine/Content/EngineDebugMaterials/M_VolumeRenderSphereTracePP.uasset" 117
"../../../Engine/Content/EngineDebugMaterials/M_SimpleUnlitTranslucent.uasset" 118
"../../../Engine/Content/EngineDebugMaterials/DebugMeshMaterial.uasset" 119
"../../../Engine/Content/EditorResources/S_Note.uasset" 120
"../../../Engine/Content/EditorResources/S_Solver.uasset" 121
"../../../Engine/Content/EditorResources/S_Trigger.uasset" 122
"../../../Engine/Content/EditorResources/S_Actor.uasset" 123
"../../../Engine/Content/EditorResources/EmptyActor.uasset" 124
"../../../Engine/Content/EditorResources/BSPVertex.uasset" 125
"../../../Engine/Content/EditorResources/SequenceRecorder/Countdown.uasset" 126
"../../../Engine/Content/EditorResources/SequenceRecorder/RecordingIndicator.uasset" 127
"../../../Engine/Content/EditorResources/AudioIcons/S_AudioComponent_AutoActivate.uasset" 128
"../../../Engine/Content/EditorResources/LightIcons/S_LightError.uasset" 129
"../../../Engine/Content/EngineMaterials/DefaultMaterial.uasset" 130
"../../../Engine/Content/BasicShapes/Cone.uasset" 131
"../../../Engine/Content/BasicShapes/Cylinder.uasset" 132
"../../../Engine/Content/BasicShapes/Plane.uasset" 133
"../../../Engine/Content/BasicShapes/Sphere.uasset" 134
"../../../Engine/Content/Functions/Engine_MaterialFunctions01/Shading/ConvertFromDiffSpec.uasset" 135
"../../../Engine/Content/Functions/Engine_MaterialFunctions01/Shading/PowerToRoughness.uasset" 136
"../../../Engine/Content/EditorMaterials/PreviewShadowIndicator.uasset" 137
"../../../Engine/Content/EditorMaterials/PreviewShadowIndicatorMaterial.uasset" 138
"../../../Engine/Content/EditorMaterials/MAT_Groups_Toggle.uasset" 139
"../../../Engine/Content/EditorMaterials/MAT_Groups_Visibility.uasset" 140
"../../../Engine/Content/EditorMaterials/ParticleSystems/PSysThumbnail_NoImage.uasset" 141
"../../../Engine/Content/EditorMaterials/ParticleSystems/PSysThumbnail_OOD.uasset" 142
"../../../Engine/Content/EditorMaterials/MatineeGroups/MAT_Groups_Vector.uasset" 143
"../../../Engine/Content/EditorMaterials/MatineeGroups/MAT_ColorTrack.uasset" 144
"../../../Engine/Content/EditorMaterials/MatineeGroups/MAT_Groups_AudioMaster.uasset" 145
"../../../Engine/Content/EditorMaterials/MatineeGroups/MAT_Groups_Sound.uasset" 146
"../../../Engine/Content/EditorMaterials/MatineeGroups/MAT_Groups_Float.uasset" 147
"../../../Engine/Content/EditorMaterials/MatineeGroups/MAT_Groups_Director.uasset" 148
"../../../Engine/Content/EditorMaterials/MatineeGroups/MAT_Groups_Move.uasset" 149
"../../../Engine/Content/EditorMaterials/MatineeGroups/MAT_Groups_Event.uasset" 150
"../../../Engine/Content/EditorMaterials/MatineeGroups/MAT_Groups_Fade.uasset" 151
"../../../Engine/Content/EditorMaterials/MatineeGroups/MAT_Groups_Anim.uasset" 152
"../../../Engine/Content/EditorMaterials/MatineeGroups/MAT_Groups_Slomo.uasset" 153
"../../../Engine/Content/EngineSounds/Master.uasset" 154
"../../../Engine/Content/EngineMeshes/Cylinder.uasset" 155
"../../../Engine/Content/EngineMeshes/Sphere.uasset" 156
"../../../Engine/Content/VREditor/LaserPointer/VR_LaserPower_01.uasset" 157
"../../../Engine/Content/VREditor/TransformGizmo/TransformGizmoMaterial.uasset" 158
"../../../Engine/Content/VREditor/TransformGizmo/TranslucentTransformGizmoMaterial.uasset" 159
"../../../Engine/Content/VREditor/TransformGizmo/PlaneTranslationHandle.uasset" 160
"../../../Engine/Content/VREditor/TransformGizmo/Main.uasset" 161
"../../../Engine/Content/VREditor/TransformGizmo/Xray.uasset" 162
"../../../Engine/Content/VREditor/TransformGizmo/SM_Sequencer_Key.uasset" 163
"../../../Engine/Content/VREditor/TransformGizmo/BoundingBoxCorner.uasset" 164
"../../../Engine/Content/VREditor/TransformGizmo/SM_Sequencer_Node.uasset" 165
"../../../Engine/Content/VREditor/TransformGizmo/BoundingBoxEdge.uasset" 166
"../../Plugins/FX/Niagara/Content/Enums/ENiagaraExpansionMode.uasset" 167
"../../Plugins/FX/Niagara/Content/Enums/ENiagaraBooleanLogicOps.uasset" 168
"../../Plugins/FX/Niagara/Content/Enums/ENiagaraOrientationAxis.uasset" 169
"../../Plugins/FX/Niagara/Content/Enums/ENiagaraRandomnessMode.uasset" 170
"../../Plugins/FX/Niagara/Content/Enums/ENiagaraCoordinateSpace.uasset" 171
"../../Plugins/2D/Paper2D/Content/PlaceholderTextures/DummySpriteTexture.uasset" 172
"../../Plugins/2D/Paper2D/Content/DefaultSpriteMaterial.uasset" 173
"../../Plugins/2D/Paper2D/Content/OpaqueUnlitSpriteMaterial.uasset" 174
"../../Plugins/2D/Paper2D/Content/DummySprite.uasset" 175
"../../Plugins/2D/Paper2D/Content/DefaultPaperTerrainMaterial.uasset" 176
"../../Plugins/2D/Paper2D/Content/MaskedUnlitSpriteMaterial.uasset" 177
"../../../Engine/Content/EditorBlueprintResources/StandardMacros.uasset" 178
"../../../Engine/Content/EngineSky/C_Sky_Cloud_Color.uasset" 179
"../../../Engine/Content/EngineSky/C_Sky_Horizon_Color.uasset" 180
"../../../Engine/Content/EngineSky/C_Sky_Zenith_Color.uasset" 181
"../../../Engine/Content/EngineSky/T_Sky_Blue.uasset" 182
"../../../Engine/Content/EngineSky/T_Sky_Clouds_M.uasset" 183
"../../../Engine/Content/EngineSky/T_Sky_Stars.uasset" 184
"../../../Engine/Content/EngineSky/M_Sky_Panning_Clouds2.uasset" 185
"../../../Engine/Content/EngineSky/SM_SkySphere.uasset" 186
"../../../Engine/Content/EngineSky/BP_Sky_Sphere.uasset" 187
"../../../../../../Student/Documents/Unreal Projects/RunRun/Content/EndlessAssets/BP/Attach.uasset" 188
"../../../../../../Student/Documents/Unreal Projects/RunRun/Content/EndlessAssets/StaticMeshes/T_Rock_Basalt_D.uasset" 189
"../../../../../../Student/Documents/Unreal Projects/RunRun/Content/EndlessAssets/StaticMeshes/T_Rock_Basalt_N.uasset" 190
"../../../../../../Student/Documents/Unreal Projects/RunRun/Content/EndlessAssets/StaticMeshes/T_RockMesh_M.uasset" 191
"../../../../../../Student/Documents/Unreal Projects/RunRun/Content/EndlessAssets/StaticMeshes/M_Rock.uasset" 192
"../../../Engine/Content/BasicShapes/Cube.uasset" 193
"../../../../../../Student/Documents/Unreal Projects/RunRun/Content/EndlessAssets/StaticMeshes/T_Bush_D.uasset" 194
"../../../../../../Student/Documents/Unreal Projects/RunRun/Content/EndlessAssets/StaticMeshes/T_Bush_N.uasset" 195
"../../../../../../Student/Documents/Unreal Projects/RunRun/Content/EndlessAssets/StaticMeshes/M_Bush.uasset" 196
"../../../../../../Student/Documents/Unreal Projects/RunRun/Content/EndlessAssets/StaticMeshes/SM_Bush.uasset" 197
"../../../../../../Student/Documents/Unreal Projects/RunRun/Content/EndlessAssets/BP/Attach_Brush.uasset" 198
"../../../../../../Student/Documents/Unreal Projects/RunRun/Content/EndlessAssets/StaticMeshes/T_Frame_M.uasset" 199
"../../../../../../Student/Documents/Unreal Projects/RunRun/Content/EndlessAssets/StaticMeshes/T_Frame_N.uasset" 200
"../../../../../../Student/Documents/Unreal Projects/RunRun/Content/EndlessAssets/StaticMeshes/M_Frame.uasset" 201
"../../../../../../Student/Documents/Unreal Projects/RunRun/Content/EndlessAssets/StaticMeshes/SM_WindowFrame.uasset" 202
"../../../../../../Student/Documents/Unreal Projects/RunRun/Content/EndlessAssets/BP/Attach_Frame.uasset" 203
"../../../../../../Student/Documents/Unreal Projects/RunRun/Content/EndlessAssets/StaticMeshes/T_Lamp_M.uasset" 204
"../../../../../../Student/Documents/Unreal Projects/RunRun/Content/EndlessAssets/StaticMeshes/T_Lamp_N.uasset" 205
"../../../../../../Student/Documents/Unreal Projects/RunRun/Content/EndlessAssets/StaticMeshes/M_Lamp.uasset" 206
"../../../../../../Student/Documents/Unreal Projects/RunRun/Content/EndlessAssets/StaticMeshes/SM_Lamp_Ceiling.uasset" 207
"../../../../../../Student/Documents/Unreal Projects/RunRun/Content/EndlessAssets/BP/Attach_Light.uasset" 208
"../../../../../../Student/Documents/Unreal Projects/RunRun/Content/EndlessAssets/StaticMeshes/SM_PillarFrame.uasset" 209
"../../../../../../Student/Documents/Unreal Projects/RunRun/Content/EndlessAssets/BP/Attach_Pillar.uasset" 210
"../../../../../../Student/Documents/Unreal Projects/RunRun/Content/EndlessAssets/StaticMeshes/SM_Rock.uasset" 211
"../../../../../../Student/Documents/Unreal Projects/RunRun/Content/EndlessAssets/BP/Attach_rock.uasset" 212
"../../../../../../Student/Documents/Unreal Projects/RunRun/Content/Mannequin/Animations/ThirdPersonJump_End.uasset" 213
"../../../../../../Student/Documents/Unreal Projects/RunRun/Content/Mannequin/Animations/ThirdPersonJump_Loop.uasset" 214
"../../../../../../Student/Documents/Unreal Projects/RunRun/Content/Mannequin/Animations/ThirdPersonJump_Start.uasset" 215
"../../../../../../Student/Documents/Unreal Projects/RunRun/Content/Mannequin/Animations/ThirdPersonIdle.uasset" 216
"../../../Engine/Content/Animation/DefaultAnimBoneCompressionSettings.uasset" 217
"../../../../../../Student/Documents/Unreal Projects/RunRun/Content/Mannequin/Animations/ThirdPersonRun.uasset" 218
"../../../../../../Student/Documents/Unreal Projects/RunRun/Content/Mannequin/Animations/ThirdPersonWalk.uasset" 219
"../../../../../../Student/Documents/Unreal Projects/RunRun/Content/Mannequin/Animations/ThirdPerson_IdleRun_2D.uasset" 220
"../../../../../../Student/Documents/Unreal Projects/RunRun/Content/Mannequin/Animations/ThirdPerson_AnimBP.uasset" 221
"../../../../../../Student/Documents/Unreal Projects/RunRun/Content/EndlessAssets/BP/HighScore.uasset" 222
"../../../../../../Student/Documents/Unreal Projects/RunRun/Content/EndlessAssets/SFX/Boot_SFX.uasset" 223
"../../../../../../Student/Documents/Unreal Projects/RunRun/Content/EndlessAssets/StaticMeshes/Boot01Mat.uasset" 224
"../../../../../../Student/Documents/Unreal Projects/RunRun/Content/EndlessAssets/StaticMeshes/BootsPickup.uasset" 225
"../../../../../../Student/Documents/Unreal Projects/RunRun/Content/EndlessAssets/BP/Pickup_Boots.uasset" 226
"../../../../../../Student/Documents/Unreal Projects/RunRun/Content/EndlessAssets/GUI/EndGame/CoinsIcon.uasset" 227
"../../../../../../Student/Documents/Unreal Projects/RunRun/Content/EndlessAssets/GUI/EndGame/GameOver.uasset" 228
"../../../../../../Student/Documents/Unreal Projects/RunRun/Content/EndlessAssets/GUI/EndGame/HighscoreIcon.uasset" 229
"../../../../../../Student/Documents/Unreal Projects/RunRun/Content/EndlessAssets/GUI/EndGame/MenuButton.uasset" 230
"../../../../../../Student/Documents/Unreal Projects/RunRun/Content/EndlessAssets/GUI/EndGame/MenuHovered.uasset" 231
"../../../../../../Student/Documents/Unreal Projects/RunRun/Content/EndlessAssets/GUI/EndGame/RestartButton.uasset" 232
"../../../../../../Student/Documents/Unreal Projects/RunRun/Content/EndlessAssets/GUI/EndGame/RestartHovered.uasset" 233
"../../../../../../Student/Documents/Unreal Projects/RunRun/Content/EndlessAssets/GUI/EndGame/ScoreIcon.uasset" 234
"../../../../../../Student/Documents/Unreal Projects/RunRun/Content/EndlessAssets/BP/GameOverScreen.uasset" 235
"../../../../../../Student/Documents/Unreal Projects/RunRun/Content/EndlessAssets/GUI/Pause/ContinueButton.uasset" 236
"../../../../../../Student/Documents/Unreal Projects/RunRun/Content/EndlessAssets/GUI/Pause/ContinueHovered.uasset" 237
"../../../../../../Student/Documents/Unreal Projects/RunRun/Content/EndlessAssets/GUI/Pause/LeaveButton.uasset" 238
"../../../../../../Student/Documents/Unreal Projects/RunRun/Content/EndlessAssets/GUI/Pause/LeaveHovered.uasset" 239
"../../../../../../Student/Documents/Unreal Projects/RunRun/Content/EndlessAssets/BP/Paused.uasset" 240
"../../../../../../Student/Documents/Unreal Projects/RunRun/Content/EndlessAssets/GUI/Menu/boot_Icon.uasset" 241
"../../../../../../Student/Documents/Unreal Projects/RunRun/Content/EndlessAssets/GUI/Menu/Magnet_Icon.uasset" 242
"../../../../../../Student/Documents/Unreal Projects/RunRun/Content/EndlessAssets/GUI/Pause/Pause.uasset" 243
"../../../../../../Student/Documents/Unreal Projects/RunRun/Content/EndlessAssets/SFX/Magnet_SFX.uasset" 244
"../../../../../../Student/Documents/Unreal Projects/RunRun/Content/EndlessAssets/BP/RunerHud.uasset" 245
"../../../../../../Student/Documents/Unreal Projects/RunRun/Content/EndlessAssets/SFX/Death_SFX.uasset" 246
"../../../../../../Student/Documents/Unreal Projects/RunRun/Content/EndlessAssets/SFX/Run_SFX.uasset" 247
"../../../Engine/Content/Functions/Engine_MaterialFunctions02/Utility/BlendAngleCorrectedNormals.uasset" 248
"../../../Engine/Content/Functions/MaterialLayerFunctions/MatLayerBlend_NormalBlend.uasset" 249
"../../../Engine/Content/Functions/MaterialLayerFunctions/MatLayerBlend_Simple.uasset" 250
"../../../../../../Student/Documents/Unreal Projects/RunRun/Content/Mannequin/Character/Materials/MaterialLayers/T_ML_Rubber_Blue_01_D.uasset" 251
"../../../../../../Student/Documents/Unreal Projects/RunRun/Content/Mannequin/Character/Materials/MaterialLayers/T_ML_Rubber_Blue_01_N.uasset" 252
"../../../../../../Student/Documents/Unreal Projects/RunRun/Content/Mannequin/Character/Materials/MaterialLayers/ML_GlossyBlack_Latex_UE4.uasset" 253
"../../../../../../Student/Documents/Unreal Projects/RunRun/Content/Mannequin/Character/Materials/MaterialLayers/ML_Plastic_Shiny_Beige.uasset" 254
"../../../../../../Student/Documents/Unreal Projects/RunRun/Content/Mannequin/Character/Textures/UE4_LOGO_CARD.uasset" 255
"../../../../../../Student/Documents/Unreal Projects/RunRun/Content/Mannequin/Character/Materials/MaterialLayers/ML_Plastic_Shiny_Beige_LOGO.uasset" 256
"../../../../../../Student/Documents/Unreal Projects/RunRun/Content/Mannequin/Character/Materials/MaterialLayers/T_ML_Aluminum01.uasset" 257
"../../../../../../Student/Documents/Unreal Projects/RunRun/Content/Mannequin/Character/Materials/MaterialLayers/T_ML_Aluminum01_N.uasset" 258
"../../../../../../Student/Documents/Unreal Projects/RunRun/Content/Mannequin/Character/Materials/MaterialLayers/ML_SoftMetal_UE4.uasset" 259
"../../../../../../Student/Documents/Unreal Projects/RunRun/Content/Mannequin/Character/Textures/T_UE4_Mannequin_Mobile_M.uasset" 260
"../../../../../../Student/Documents/Unreal Projects/RunRun/Content/Mannequin/Character/Textures/T_UE4_Mannequin_Mobile_N.uasset" 261
"../../../../../../Student/Documents/Unreal Projects/RunRun/Content/Mannequin/Character/Materials/M_UE4Man_Body.uasset" 262
"../../../../../../Student/Documents/Unreal Projects/RunRun/Content/Mannequin/Character/Textures/UE4Man_Logo_N.uasset" 263
"../../../../../../Student/Documents/Unreal Projects/RunRun/Content/Mannequin/Character/Materials/M_UE4Man_ChestLogo.uasset" 264
"../../../../../../Student/Documents/Unreal Projects/RunRun/Content/Mannequin/Character/Mesh/SK_Mannequin_Physics.uasset" 265
"../../../../../../Student/Documents/Unreal Projects/RunRun/Content/Mannequin/Character/Mesh/SK_Mannequin.uasset" 266
"../../../../../../Student/Documents/Unreal Projects/RunRun/Content/ThirdPersonBP/Blueprints/ThirdPersonCharacter.uasset" 267
"../../../../../../Student/Documents/Unreal Projects/RunRun/Content/EndlessAssets/StaticMeshes/Crate_Diffuse.uasset" 268
"../../../../../../Student/Documents/Unreal Projects/RunRun/Content/EndlessAssets/StaticMeshes/Material.uasset" 269
"../../../../../../Student/Documents/Unreal Projects/RunRun/Content/EndlessAssets/StaticMeshes/box.uasset" 270
"../../../../../../Student/Documents/Unreal Projects/RunRun/Content/EndlessAssets/BP/Obsticle_Box.uasset" 271
"../../../../../../Student/Documents/Unreal Projects/RunRun/Content/EndlessAssets/StaticMeshes/PipeMain.uasset" 272
"../../../../../../Student/Documents/Unreal Projects/RunRun/Content/EndlessAssets/StaticMeshes/Low_Obstacles_Pipes.uasset" 273
"../../../../../../Student/Documents/Unreal Projects/RunRun/Content/EndlessAssets/BP/Obsticle_Pipe.uasset" 274
"../../../../../../Student/Documents/Unreal Projects/RunRun/Content/EndlessAssets/SFX/BiGCoin_SFX.uasset" 275
"../../../../../../Student/Documents/Unreal Projects/RunRun/Content/EndlessAssets/StaticMeshes/KineticEnergy.uasset" 276
"../../../../../../Student/Documents/Unreal Projects/RunRun/Content/EndlessAssets/StaticMeshes/pickup_kineticEnergy.uasset" 277
"../../../../../../Student/Documents/Unreal Projects/RunRun/Content/EndlessAssets/BP/Pickup_BigCoin.uasset" 278
"../../../../../../Student/Documents/Unreal Projects/RunRun/Content/EndlessAssets/SFX/Pickup_SFX.uasset" 279
"../../../../../../Student/Documents/Unreal Projects/RunRun/Content/EndlessAssets/BP/Pickup_Coin.uasset" 280
"../../../../../../Student/Documents/Unreal Projects/RunRun/Content/EndlessAssets/StaticMeshes/MagnetRed.uasset" 281
"../../../../../../Student/Documents/Unreal Projects/RunRun/Content/EndlessAssets/StaticMeshes/MagnetWhite.uasset" 282
"../../../../../../Student/Documents/Unreal Projects/RunRun/Content/EndlessAssets/StaticMeshes/Magnet.uasset" 283
"../../../../../../Student/Documents/Unreal Projects/RunRun/Content/EndlessAssets/BP/Pickup_Magnet.uasset" 284
"../../../../../../Student/Documents/Unreal Projects/RunRun/Content/EndlessAssets/Tiles/FloorTile_Diff.uasset" 285
"../../../../../../Student/Documents/Unreal Projects/RunRun/Content/EndlessAssets/Tiles/FloorTile_EM.uasset" 286
"../../../../../../Student/Documents/Unreal Projects/RunRun/Content/EndlessAssets/Tiles/FloorTile_Nrm.uasset" 287
"../../../../../../Student/Documents/Unreal Projects/RunRun/Content/EndlessAssets/Tiles/FloorTile_Mat.uasset" 288
"../../../../../../Student/Documents/Unreal Projects/RunRun/Content/EndlessAssets/BP/MasterTiles.uasset" 289
"../../../../../../Student/Documents/Unreal Projects/RunRun/Content/EndlessAssets/BP/MenuControll.uasset" 290
"../../../../../../Student/Documents/Unreal Projects/RunRun/Content/ThirdPersonBP/Blueprints/ThirdPersonGameMode.uasset" 291
"../../../../../../Student/Documents/Unreal Projects/RunRun/Content/EndlessAssets/MainMap_BuiltData.uasset" 292
"../../../../../../Student/Documents/Unreal Projects/RunRun/Content/EndlessAssets/SFX/Background_SFX.uasset" 293
"../../../../../../Student/Documents/Unreal Projects/RunRun/Content/EndlessAssets/MainMap.umap" 294
"../../../../../../Student/Documents/Unreal Projects/RunRun/Content/EndlessAssets/MenuMode.uasset" 295
"../../../../../../Student/Documents/Unreal Projects/RunRun/Content/EndlessAssets/GUI/Menu/Background.uasset" 296
"../../../../../../Student/Documents/Unreal Projects/RunRun/Content/EndlessAssets/GUI/Menu/ExitButton.uasset" 297
"../../../../../../Student/Documents/Unreal Projects/RunRun/Content/EndlessAssets/GUI/Menu/ExitButtonPressed.uasset" 298
"../../../../../../Student/Documents/Unreal Projects/RunRun/Content/EndlessAssets/GUI/Menu/StartButton.uasset" 299
"../../../../../../Student/Documents/Unreal Projects/RunRun/Content/EndlessAssets/GUI/Menu/StartButtonPressed.uasset" 300
"../../../../../../Student/Documents/Unreal Projects/RunRun/Content/EndlessAssets/BP/Menu.uasset" 301
"../../../../../../Student/Documents/Unreal Projects/RunRun/Content/EndlessAssets/SFX/Blear_Moon_-_07_-_Few_survivors.uasset" 302
"../../../../../../Student/Documents/Unreal Projects/RunRun/Content/EndlessAssets/SFX/Menu_SFX.uasset" 303
"../../../../../../Student/Documents/Unreal Projects/RunRun/Content/EndlessAssets/MenuLevel.umap" 304
"../../../Engine/Content/Maps/Entry_BuiltData.uasset" 305
"../../../Engine/Content/Maps/Entry.umap" 306
